2026-05-20 13:05:03,851 INFO o.a.j.u.JMeterUtils: Setting Locale to en_EN
2026-05-20 13:05:03,863 INFO o.a.j.JMeter: Loading user properties from: D:\itools\apache-jmeter-5.6.3\bin\user.properties
2026-05-20 13:05:03,863 INFO o.a.j.JMeter: Loading system properties from: D:\itools\apache-jmeter-5.6.3\bin\system.properties
2026-05-20 13:05:03,870 INFO o.a.j.JMeter: Copyright (c) 1998-2024 The Apache Software Foundation
2026-05-20 13:05:03,870 INFO o.a.j.JMeter: Version 5.6.3
2026-05-20 13:05:03,870 INFO o.a.j.JMeter: java.version=1.8.0_491
2026-05-20 13:05:03,870 INFO o.a.j.JMeter: java.vm.name=Java HotSpot(TM) 64-Bit Server VM
2026-05-20 13:05:03,870 INFO o.a.j.JMeter: os.name=Windows 11
2026-05-20 13:05:03,870 INFO o.a.j.JMeter: os.arch=amd64
2026-05-20 13:05:03,870 INFO o.a.j.JMeter: os.version=10.0
2026-05-20 13:05:03,870 INFO o.a.j.JMeter: file.encoding=GBK
2026-05-20 13:05:03,870 INFO o.a.j.JMeter: java.awt.headless=true
2026-05-20 13:05:03,870 INFO o.a.j.JMeter: Max memory     =1073741824
2026-05-20 13:05:03,870 INFO o.a.j.JMeter: Available Processors =24
2026-05-20 13:05:03,874 INFO o.a.j.JMeter: Default Locale=English (EN)
2026-05-20 13:05:03,875 INFO o.a.j.JMeter: JMeter  Locale=English (EN)
2026-05-20 13:05:03,875 INFO o.a.j.JMeter: JMeterHome=D:\itools\apache-jmeter-5.6.3
2026-05-20 13:05:03,875 INFO o.a.j.JMeter: user.dir  =D:\Code\JAVA_CODE\IDEA_2025\academicCompetition_backage
2026-05-20 13:05:03,875 INFO o.a.j.JMeter: PWD       =D:\Code\JAVA_CODE\IDEA_2025\academicCompetition_backage
2026-05-20 13:05:08,808 INFO o.a.j.JMeter: IP: 172.19.24.79 Name: DESKTOP-RROUVOV FullName: DESKTOP-RROUVOV
2026-05-20 13:05:08,824 INFO o.a.j.JMeter: Setting property 'jmeter.reportgenerator.outputdir' to:'D:\Code\JAVA_CODE\IDEA_2025\academicCompetition_backage\tests\jmeter\results\baseline-20260520-130209\users-50-html'
2026-05-20 13:05:08,828 INFO o.a.j.r.d.ReportGenerator: ReportGenerator will use for Parsing the separator: ','
2026-05-20 13:05:08,828 INFO o.a.j.r.d.ReportGenerator: Will only generate report from results file: D:\Code\JAVA_CODE\IDEA_2025\academicCompetition_backage\tests\jmeter\results\baseline-20260520-130209\users-50.jtl
2026-05-20 13:05:08,828 INFO o.a.j.r.d.ReportGenerator: Reading report generator properties from: D:\itools\apache-jmeter-5.6.3\bin\reportgenerator.properties
2026-05-20 13:05:08,828 INFO o.a.j.r.d.ReportGenerator: Merging with JMeter properties
2026-05-20 13:05:08,833 INFO o.a.j.r.c.ReportGeneratorConfiguration: Property 'jmeter.reportgenerator.temp_dir' not found, using default value 'temp' instead.
2026-05-20 13:05:08,836 INFO o.a.j.r.c.ReportGeneratorConfiguration: Property 'jmeter.reportgenerator.apdex_per_transaction' not found, using default value 'null' instead.
2026-05-20 13:05:08,840 INFO o.a.j.r.c.ReportGeneratorConfiguration: apdex_per_transaction is empty, not APDEX per transaction customization
2026-05-20 13:05:08,840 INFO o.a.j.r.c.ReportGeneratorConfiguration: Property 'jmeter.reportgenerator.sample_filter' not found, using default value 'null' instead.
2026-05-20 13:05:08,840 INFO o.a.j.r.c.ReportGeneratorConfiguration: Property 'jmeter.reportgenerator.report_title' not found, using default value 'null' instead.
2026-05-20 13:05:08,840 INFO o.a.j.r.c.ReportGeneratorConfiguration: Property 'jmeter.reportgenerator.start_date' not found, using default value 'null' instead.
2026-05-20 13:05:08,840 INFO o.a.j.r.c.ReportGeneratorConfiguration: Property 'jmeter.reportgenerator.end_date' not found, using default value 'null' instead.
2026-05-20 13:05:08,840 INFO o.a.j.r.c.ReportGeneratorConfiguration: Property 'jmeter.reportgenerator.date_format' not found, using default value 'null' instead.
2026-05-20 13:05:08,841 INFO o.a.j.r.c.ReportGeneratorConfiguration: Will use date range start date: null, end date: null
2026-05-20 13:05:08,846 INFO o.a.j.r.c.ReportGeneratorConfiguration: Property 'jmeter.reportgenerator.graph.totalTPS.exclude_controllers' not found, using default value 'false' instead.
2026-05-20 13:05:08,846 INFO o.a.j.r.c.ReportGeneratorConfiguration: Property 'jmeter.reportgenerator.graph.activeThreadsOverTime.exclude_controllers' not found, using default value 'false' instead.
2026-05-20 13:05:08,847 INFO o.a.j.r.c.ReportGeneratorConfiguration: Property 'jmeter.reportgenerator.graph.timeVsThreads.exclude_controllers' not found, using default value 'false' instead.
2026-05-20 13:05:08,847 INFO o.a.j.r.c.ReportGeneratorConfiguration: Property 'jmeter.reportgenerator.graph.responseTimeDistribution.exclude_controllers' not found, using default value 'false' instead.
2026-05-20 13:05:08,847 INFO o.a.j.r.c.ReportGeneratorConfiguration: Property 'jmeter.reportgenerator.graph.transactionsPerSecond.exclude_controllers' not found, using default value 'false' instead.
2026-05-20 13:05:08,847 INFO o.a.j.r.c.ReportGeneratorConfiguration: Property 'jmeter.reportgenerator.graph.responseTimePercentiles.exclude_controllers' not found, using default value 'false' instead.
2026-05-20 13:05:08,847 INFO o.a.j.r.c.ReportGeneratorConfiguration: Property 'jmeter.reportgenerator.graph.responseTimePercentilesOverTime.exclude_controllers' not found, using default value 'false' instead.
2026-05-20 13:05:08,847 INFO o.a.j.r.c.ReportGeneratorConfiguration: Property 'jmeter.reportgenerator.graph.responseTimesOverTime.exclude_controllers' not found, using default value 'false' instead.
2026-05-20 13:05:08,847 INFO o.a.j.r.c.ReportGeneratorConfiguration: Property 'jmeter.reportgenerator.graph.connectTimeOverTime.exclude_controllers' not found, using default value 'false' instead.
2026-05-20 13:05:08,847 INFO o.a.j.r.c.ReportGeneratorConfiguration: Property 'jmeter.reportgenerator.graph.latenciesOverTime.exclude_controllers' not found, using default value 'false' instead.
2026-05-20 13:05:08,848 INFO o.a.j.r.c.ReportGeneratorConfiguration: Property 'jmeter.reportgenerator.exporter.json.filters_only_sample_series' not found, using default value 'true' instead.
2026-05-20 13:05:08,848 INFO o.a.j.r.c.ReportGeneratorConfiguration: Property 'jmeter.reportgenerator.exporter.json.series_filter' not found, using default value '' instead.
2026-05-20 13:05:08,848 INFO o.a.j.r.c.ReportGeneratorConfiguration: Property 'jmeter.reportgenerator.exporter.json.show_controllers_only' not found, using default value 'false' instead.
2026-05-20 13:05:08,848 INFO o.a.j.r.c.ReportGeneratorConfiguration: Property 'jmeter.reportgenerator.exporter.html.filters_only_sample_series' not found, using default value 'true' instead.
2026-05-20 13:05:08,848 INFO o.a.j.r.c.ReportGeneratorConfiguration: Property 'jmeter.reportgenerator.exporter.html.series_filter' not found, using default value '' instead.
2026-05-20 13:05:08,848 INFO o.a.j.r.c.ReportGeneratorConfiguration: Property 'jmeter.reportgenerator.exporter.html.show_controllers_only' not found, using default value 'false' instead.
2026-05-20 13:05:08,967 INFO o.a.j.s.SaveService: Testplan (JMX) version: 2.2. Testlog (JTL) version: 2.2
2026-05-20 13:05:08,988 INFO o.a.j.s.SaveService: Using SaveService properties file encoding UTF-8
2026-05-20 13:05:08,992 INFO o.a.j.s.SaveService: Using SaveService properties version 5.0
2026-05-20 13:05:09,017 INFO o.a.j.r.p.NormalizerSampleConsumer: Using format, 'ms', to parse timeStamp field
2026-05-20 13:05:09,929 INFO o.a.j.r.p.AbstractSampleConsumer: class org.apache.jmeter.report.processor.AggregateConsumer#stopProducing(): beginDate produced 0 samples
2026-05-20 13:05:09,929 INFO o.a.j.r.p.AbstractSampleConsumer: class org.apache.jmeter.report.processor.AggregateConsumer#stopProducing(): endDate produced 0 samples
2026-05-20 13:05:09,933 INFO o.a.j.r.p.AbstractSampleConsumer: class org.apache.jmeter.report.processor.ApdexSummaryConsumer#stopProducing(): apdexSummary produced 0 samples
2026-05-20 13:05:09,933 INFO o.a.j.r.p.AbstractSampleConsumer: class org.apache.jmeter.report.processor.RequestsSummaryConsumer#stopProducing(): requestsSummary produced 0 samples
2026-05-20 13:05:09,940 INFO o.a.j.r.p.AbstractSampleConsumer: class org.apache.jmeter.report.processor.StatisticsSummaryConsumer#stopProducing(): statisticsSummary produced 0 samples
2026-05-20 13:05:09,945 INFO o.a.j.r.p.AbstractSampleConsumer: class org.apache.jmeter.report.processor.Top5ErrorsBySamplerConsumer#stopProducing(): top5ErrorsBySampler produced 0 samples
2026-05-20 13:05:09,945 INFO o.a.j.r.p.AbstractSampleConsumer: class org.apache.jmeter.report.processor.ErrorsSummaryConsumer#stopProducing(): errorsSummary produced 0 samples
2026-05-20 13:05:09,945 INFO o.a.j.r.p.AbstractSampleConsumer: class org.apache.jmeter.report.processor.graph.impl.HitsPerSecondGraphConsumer#stopProducing(): hitsPerSecond produced 0 samples
2026-05-20 13:05:09,985 INFO o.a.j.r.p.AbstractSampleConsumer: class org.apache.jmeter.report.processor.graph.impl.LatencyVSRequestGraphConsumer#stopProducing(): latencyVsRequest produced 0 samples
2026-05-20 13:05:09,986 INFO o.a.j.r.p.AbstractSampleConsumer: class org.apache.jmeter.report.processor.graph.impl.SyntheticResponseTimeDistributionGraphConsumer#stopProducing(): syntheticResponseTimeDistribution produced 0 samples
2026-05-20 13:05:09,990 INFO o.a.j.r.p.AbstractSampleConsumer: class org.apache.jmeter.report.processor.graph.impl.BytesThroughputGraphConsumer#stopProducing(): bytesThroughputOverTime produced 0 samples
2026-05-20 13:05:09,990 INFO o.a.j.r.p.AbstractSampleConsumer: class org.apache.jmeter.report.processor.graph.impl.CodesPerSecondGraphConsumer#stopProducing(): codesPerSecond produced 0 samples
2026-05-20 13:05:10,000 INFO o.a.j.r.p.AbstractSampleConsumer: class org.apache.jmeter.report.processor.graph.impl.ResponseTimeVSRequestGraphConsumer#stopProducing(): responseTimeVsRequest produced 0 samples
2026-05-20 13:05:10,000 INFO o.a.j.r.p.AbstractSampleConsumer: class org.apache.jmeter.report.processor.FilterConsumer#stopProducing(): startIntervalControlerFilter produced 7000 samples
2026-05-20 13:05:10,001 INFO o.a.j.r.p.AbstractSampleConsumer: class org.apache.jmeter.report.processor.graph.impl.TotalTPSGraphConsumer#stopProducing(): totalTPS produced 0 samples
2026-05-20 13:05:10,001 INFO o.a.j.r.p.AbstractSampleConsumer: class org.apache.jmeter.report.processor.graph.impl.ActiveThreadsGraphConsumer#stopProducing(): activeThreadsOverTime produced 0 samples
2026-05-20 13:05:10,001 INFO o.a.j.r.p.AbstractSampleConsumer: class org.apache.jmeter.report.processor.graph.impl.TimeVSThreadGraphConsumer#stopProducing(): timeVsThreads produced 0 samples
2026-05-20 13:05:10,001 INFO o.a.j.r.p.AbstractSampleConsumer: class org.apache.jmeter.report.processor.graph.impl.ResponseTimeDistributionGraphConsumer#stopProducing(): responseTimeDistribution produced 0 samples
2026-05-20 13:05:10,002 INFO o.a.j.r.p.AbstractSampleConsumer: class org.apache.jmeter.report.processor.graph.impl.TransactionsPerSecondGraphConsumer#stopProducing(): transactionsPerSecond produced 0 samples
2026-05-20 13:05:10,002 INFO o.a.j.r.p.AbstractSampleConsumer: class org.apache.jmeter.report.processor.graph.impl.ResponseTimePercentilesGraphConsumer#stopProducing(): responseTimePercentiles produced 0 samples
2026-05-20 13:05:10,004 INFO o.a.j.r.p.AbstractSampleConsumer: class org.apache.jmeter.report.processor.graph.impl.ResponseTimePercentilesOverTimeGraphConsumer#stopProducing(): responseTimePercentilesOverTime produced 0 samples
2026-05-20 13:05:10,005 INFO o.a.j.r.p.AbstractSampleConsumer: class org.apache.jmeter.report.processor.graph.impl.ResponseTimeOverTimeGraphConsumer#stopProducing(): responseTimesOverTime produced 0 samples
2026-05-20 13:05:10,005 INFO o.a.j.r.p.AbstractSampleConsumer: class org.apache.jmeter.report.processor.graph.impl.ConnectTimeOverTimeGraphConsumer#stopProducing(): connectTimeOverTime produced 0 samples
2026-05-20 13:05:10,005 INFO o.a.j.r.p.AbstractSampleConsumer: class org.apache.jmeter.report.processor.graph.impl.LatencyOverTimeGraphConsumer#stopProducing(): latenciesOverTime produced 0 samples
2026-05-20 13:05:10,005 INFO o.a.j.r.p.AbstractSampleConsumer: class org.apache.jmeter.report.processor.FilterConsumer#stopProducing(): nameFilter produced 15000 samples
2026-05-20 13:05:10,006 INFO o.a.j.r.p.AbstractSampleConsumer: class org.apache.jmeter.report.processor.FilterConsumer#stopProducing(): dateRangeFilter produced 3000 samples
2026-05-20 13:05:10,006 INFO o.a.j.r.p.AbstractSampleConsumer: class org.apache.jmeter.report.processor.NormalizerSampleConsumer#stopProducing(): normalizer produced 1000 samples
2026-05-20 13:05:10,006 INFO o.a.j.r.p.CsvFileSampleSource: produce(): 1000 samples produced in 960ms on channel 0
2026-05-20 13:05:10,007 INFO o.a.j.r.d.ReportGenerator: Exporting data using exporter:'json' of className:'org.apache.jmeter.report.dashboard.JsonExporter'
2026-05-20 13:05:10,118 INFO o.a.j.r.d.JsonExporter: Found data for consumer statisticsSummary?in context
2026-05-20 13:05:10,118 INFO o.a.j.r.d.JsonExporter: Creating statistics for overall
2026-05-20 13:05:10,119 INFO o.a.j.r.d.JsonExporter: Creating statistics for other transactions
2026-05-20 13:05:10,119 INFO o.a.j.r.d.JsonExporter: Checking output folder
2026-05-20 13:05:10,121 INFO o.a.j.r.d.JsonExporter: Writing statistics JSON to D:\Code\JAVA_CODE\IDEA_2025\academicCompetition_backage\tests\jmeter\results\baseline-20260520-130209\users-50-html\statistics.json
2026-05-20 13:05:10,165 INFO o.a.j.r.d.ReportGenerator: Exporting data using exporter:'html' of className:'org.apache.jmeter.report.dashboard.HtmlTemplateExporter'
2026-05-20 13:05:10,167 INFO o.a.j.r.d.HtmlTemplateExporter: Will generate dashboard in folder: D:\Code\JAVA_CODE\IDEA_2025\academicCompetition_backage\tests\jmeter\results\baseline-20260520-130209\users-50-html
2026-05-20 13:05:10,324 INFO o.a.j.r.d.HtmlTemplateExporter: Report will be generated in: D:\Code\JAVA_CODE\IDEA_2025\academicCompetition_backage\tests\jmeter\results\baseline-20260520-130209\users-50-html, creating folder structure
2026-05-20 13:05:10,328 INFO o.a.j.r.d.TemplateVisitor: Copying folder from 'D:\itools\apache-jmeter-5.6.3\bin\report-template' to 'D:\Code\JAVA_CODE\IDEA_2025\academicCompetition_backage\tests\jmeter\results\baseline-20260520-130209\users-50-html', got message: D:\Code\JAVA_CODE\IDEA_2025\academicCompetition_backage\tests\jmeter\results\baseline-20260520-130209\users-50-html, found non empty folder with following content [D:\Code\JAVA_CODE\IDEA_2025\academicCompetition_backage\tests\jmeter\results\baseline-20260520-130209\users-50-html\statistics.json], will be ignored
